0 info it worked if it ends with ok
1 verbose cli [
1 verbose cli   '/snap/node/6488/bin/node',
1 verbose cli   '/media/nilo/Storage/Frontend Dev/responsive-html-email-signature/node_modules/.bin/npm',
1 verbose cli   'run',
1 verbose cli   '_test'
1 verbose cli ]
2 info using npm@3.10.10
3 info using node@v16.16.0
4 verbose run-script [ 'pre_test', '_test', 'post_test' ]
5 info lifecycle responsive-html-email-signature@6.1.1~pre_test: responsive-html-email-signature@6.1.1
6 silly lifecycle responsive-html-email-signature@6.1.1~pre_test: no script for pre_test, continuing
7 info lifecycle responsive-html-email-signature@6.1.1~_test: responsive-html-email-signature@6.1.1
8 verbose lifecycle responsive-html-email-signature@6.1.1~_test: unsafe-perm in lifecycle true
9 verbose lifecycle responsive-html-email-signature@6.1.1~_test: PATH: /media/nilo/Storage/Frontend Dev/responsive-html-email-signature/node_modules/npm/bin/node-gyp-bin:/media/nilo/Storage/Frontend Dev/responsive-html-email-signature/node_modules/.bin:/snap/node/6488/bin:/media/nilo/Storage/Frontend Dev/responsive-html-email-signature/node_modules/.bin:/media/nilo/Storage/Frontend Dev/node_modules/.bin:/media/nilo/Storage/node_modules/.bin:/media/nilo/node_modules/.bin:/media/node_modules/.bin:/node_modules/.bin:/snap/node/6488/lib/node_modules/npm/node_modules/@npmcli/run-script/lib/node-gyp-bin:/usr/local/sbin:/usr/local/bin:/usr/sbin:/usr/bin:/sbin:/bin:/usr/games:/usr/local/games:/snap/bin
10 verbose lifecycle responsive-html-email-signature@6.1.1~_test: CWD: /media/nilo/Storage/Frontend Dev/responsive-html-email-signature
11 silly lifecycle responsive-html-email-signature@6.1.1~_test: Args: [ '-c', 'ava' ]
12 silly lifecycle responsive-html-email-signature@6.1.1~_test: Returned: code: 1  signal: null
13 info lifecycle responsive-html-email-signature@6.1.1~_test: Failed to exec _test script
14 verbose stack Error: responsive-html-email-signature@6.1.1 _test: `ava`
14 verbose stack Exit status 1
14 verbose stack     at EventEmitter.<anonymous> (/media/nilo/Storage/Frontend Dev/responsive-html-email-signature/node_modules/npm/lib/utils/lifecycle.js:255:16)
14 verbose stack     at EventEmitter.emit (node:events:527:28)
14 verbose stack     at ChildProcess.<anonymous> (/media/nilo/Storage/Frontend Dev/responsive-html-email-signature/node_modules/npm/lib/utils/spawn.js:40:14)
14 verbose stack     at ChildProcess.emit (node:events:527:28)
14 verbose stack     at maybeClose (node:internal/child_process:1092:16)
14 verbose stack     at Process.ChildProcess._handle.onexit (node:internal/child_process:302:5)
15 verbose pkgid responsive-html-email-signature@6.1.1
16 verbose cwd /media/nilo/Storage/Frontend Dev/responsive-html-email-signature
17 error Linux 5.4.0-122-generic
18 error argv "/snap/node/6488/bin/node" "/media/nilo/Storage/Frontend Dev/responsive-html-email-signature/node_modules/.bin/npm" "run" "_test"
19 error node v16.16.0
20 error npm  v3.10.10
21 error code ELIFECYCLE
22 error responsive-html-email-signature@6.1.1 _test: `ava`
22 error Exit status 1
23 error Failed at the responsive-html-email-signature@6.1.1 _test script 'ava'.
23 error Make sure you have the latest version of node.js and npm installed.
23 error If you do, this is most likely a problem with the responsive-html-email-signature package,
23 error not with npm itself.
23 error Tell the author that this fails on your system:
23 error     ava
23 error You can get information on how to open an issue for this project with:
23 error     npm bugs responsive-html-email-signature
23 error Or if that isn't available, you can get their info via:
23 error     npm owner ls responsive-html-email-signature
23 error There is likely additional logging output above.
24 verbose exit [ 1, true ]
